<?xml version="1.0" encoding="UTF-8"?>
<!-- Generated by org.testng.reporters.JUnitXMLReporter -->
<testsuite ignored="0" hostname="DESKTOP-9N6SF7C" failures="1" tests="2" name="Test" time="42.575" errors="0" timestamp="2025-07-10T20:19:31 IST">
  <testcase classname="TestCases.TC001_AccountRegistrationTest" name="verify_account_registration" time="4.249"/>
  <testcase classname="TestCases.TC002_LoginTest" name="Verify_Login" time="12.461">
    <failure type="java.lang.AssertionError" message="expected [true] but found [false]">
      <![CDATA[java.lang.AssertionError: expected [true] but found [false]
at TestCases.TC002_LoginTest.Verify_Login(TC002_LoginTest.java:34)
at java.base/java.util.ArrayList.forEach(ArrayList.java:1604)
... Removed 33 stack frames]]>
    </failure>
  </testcase> <!-- Verify_Login -->
</testsuite> <!-- Test -->
